<?xml version="1.0" encoding="UTF-8"?>
<testng-results ignored="0" total="1" passed="1" failed="0" skipped="0">
  <reporter-output>
  </reporter-output>
  <suite started-at="2024-08-27T11:38:35 IST" name="Suite" finished-at="2024-08-27T11:38:35 IST" duration-ms="60">
    <groups>
    </groups>
    <test started-at="2024-08-27T11:38:35 IST" name="Test" finished-at="2024-08-27T11:38:35 IST" duration-ms="60">
      <class name="Methods.Engine">
        <test-method is-config="true" signature="madhu()[pri:0, instance:Methods.Engine@243c4f91]" started-at="2024-08-27T11:38:35 IST" name="madhu" finished-at="2024-08-27T11:38:35 IST" duration-ms="20" status="PASS">
          <reporter-output>
          </reporter-output>
        </test-method> <!-- madhu -->
        <test-method is-config="true" signature="ram()[pri:0, instance:Methods.Engine@243c4f91]" started-at="2024-08-27T11:38:35 IST" name="ram" finished-at="2024-08-27T11:38:35 IST" duration-ms="1" status="PASS">
          <reporter-output>
          </reporter-output>
        </test-method> <!-- ram -->
        <test-method signature="pavani()[pri:0, instance:Methods.Engine@243c4f91]" started-at="2024-08-27T11:38:35 IST" name="pavani" finished-at="2024-08-27T11:38:35 IST" duration-ms="2" status="PASS">
          <reporter-output>
          </reporter-output>
        </test-method> <!-- pavani -->
        <test-method is-config="true" signature="rajesh()[pri:0, instance:Methods.Engine@243c4f91]" started-at="2024-08-27T11:38:35 IST" name="rajesh" finished-at="2024-08-27T11:38:35 IST" duration-ms="0" status="PASS">
          <reporter-output>
          </reporter-output>
        </test-method> <!-- rajesh -->
        <test-method is-config="true" signature="karthik()[pri:0, instance:Methods.Engine@243c4f91]" started-at="2024-08-27T11:38:35 IST" name="karthik" finished-at="2024-08-27T11:38:35 IST" duration-ms="1" status="PASS">
          <reporter-output>
          </reporter-output>
        </test-method> <!-- karthik -->
      </class> <!-- Methods.Engine -->
    </test> <!-- Test -->
  </suite> <!-- Suite -->
</testng-results>
