<?xml version="1.0" encoding="UTF-8"?>
<testng-results ignored="0" total="1" passed="1" failed="0" skipped="0">
  <reporter-output>
  </reporter-output>
  <suite started-at="2024-08-27T10:51:45 IST" name="Default suite" finished-at="2024-08-27T10:51:45 IST" duration-ms="100">
    <groups>
    </groups>
    <test started-at="2024-08-27T10:51:45 IST" name="Default test" finished-at="2024-08-27T10:51:45 IST" duration-ms="100">
      <class name="Methods.Engine">
        <test-method is-config="true" signature="madhu()[pri:0, instance:Methods.Engine@3b69e7d1]" started-at="2024-08-27T10:51:45 IST" name="madhu" finished-at="2024-08-27T10:51:45 IST" duration-ms="15" status="PASS">
          <reporter-output>
          </reporter-output>
        </test-method> <!-- madhu -->
        <test-method is-config="true" signature="ram()[pri:0, instance:Methods.Engine@3b69e7d1]" started-at="2024-08-27T10:51:45 IST" name="ram" finished-at="2024-08-27T10:51:45 IST" duration-ms="1" status="PASS">
          <reporter-output>
          </reporter-output>
        </test-method> <!-- ram -->
        <test-method signature="pavani()[pri:0, instance:Methods.Engine@3b69e7d1]" started-at="2024-08-27T10:51:45 IST" name="pavani" finished-at="2024-08-27T10:51:45 IST" duration-ms="11" status="PASS">
          <reporter-output>
          </reporter-output>
        </test-method> <!-- pavani -->
        <test-method is-config="true" signature="rajesh()[pri:0, instance:Methods.Engine@3b69e7d1]" started-at="2024-08-27T10:51:45 IST" name="rajesh" finished-at="2024-08-27T10:51:45 IST" duration-ms="2" status="PASS">
          <reporter-output>
          </reporter-output>
        </test-method> <!-- rajesh -->
        <test-method is-config="true" signature="karthik()[pri:0, instance:Methods.Engine@3b69e7d1]" started-at="2024-08-27T10:51:45 IST" name="karthik" finished-at="2024-08-27T10:51:45 IST" duration-ms="1" status="PASS">
          <reporter-output>
          </reporter-output>
        </test-method> <!-- karthik -->
      </class> <!-- Methods.Engine -->
    </test> <!-- Default test -->
  </suite> <!-- Default suite -->
</testng-results>
